<?xml version="1.0" encoding="UTF-8"?>
<!-- Generated by org.testng.reporters.JUnitXMLReporter -->
<testsuite ignored="0" hostname="DESKTOP-NPOGQ3C" failures="0" tests="4" name="Default test" time="1.535" errors="0" timestamp="2024-11-23T03:40:15 EET">
  <testcase classname="MyTestCases" name="AddDatatoMyDB" time="0.046"/>
  <testcase classname="MyTestCases" name="updateData" time="0.01"/>
  <testcase classname="MyTestCases" name="readData" time="0.101"/>
  <testcase classname="MyTestCases" name="deleteData" time="0.01"/>
</testsuite> <!-- Default test -->
