<?xml version="1.0" encoding="UTF-8"?>
<testng-results ignored="0" total="4" passed="4" failed="0" skipped="0">
  <reporter-output>
  </reporter-output>
  <suite started-at="2024-11-23T03:40:13 EET" name="Default suite" finished-at="2024-11-23T03:40:15 EET" duration-ms="1535">
    <groups>
    </groups>
    <test started-at="2024-11-23T03:40:13 EET" name="Default test" finished-at="2024-11-23T03:40:15 EET" duration-ms="1535">
      <class name="MyTestCases">
        <test-method is-config="true" signature="mySetUp()[pri:0, instance:MyTestCases@1817f1eb]" started-at="2024-11-23T03:40:13 EET" name="mySetUp" finished-at="2024-11-23T03:40:14 EET" duration-ms="1243" status="PASS">
          <reporter-output>
          </reporter-output>
        </test-method> <!-- mySetUp -->
        <test-method signature="AddDatatoMyDB()[pri:1, instance:MyTestCases@1817f1eb]" started-at="2024-11-23T03:40:14 EET" name="AddDatatoMyDB" finished-at="2024-11-23T03:40:15 EET" duration-ms="46" status="PASS">
          <reporter-output>
          </reporter-output>
        </test-method> <!-- AddDatatoMyDB -->
        <test-method signature="updateData()[pri:2, instance:MyTestCases@1817f1eb]" started-at="2024-11-23T03:40:15 EET" name="updateData" finished-at="2024-11-23T03:40:15 EET" duration-ms="10" status="PASS">
          <reporter-output>
          </reporter-output>
        </test-method> <!-- updateData -->
        <test-method signature="readData()[pri:3, instance:MyTestCases@1817f1eb]" started-at="2024-11-23T03:40:15 EET" name="readData" finished-at="2024-11-23T03:40:15 EET" duration-ms="101" status="PASS">
          <reporter-output>
          </reporter-output>
        </test-method> <!-- readData -->
        <test-method signature="deleteData()[pri:4, instance:MyTestCases@1817f1eb]" started-at="2024-11-23T03:40:15 EET" name="deleteData" finished-at="2024-11-23T03:40:15 EET" duration-ms="10" status="PASS">
          <reporter-output>
          </reporter-output>
        </test-method> <!-- deleteData -->
      </class> <!-- MyTestCases -->
    </test> <!-- Default test -->
  </suite> <!-- Default suite -->
</testng-results>
